2023-06-22 00:06:34,052 - root - INFO - Epoch 0; loss: 26.64293670654297; CER: 1.4128466844558716; WER: 1.0; val_loss: 15.43467903137207; val_CER: 1.0; val_WER: 1.0
2023-06-22 00:06:52,118 - root - INFO - Epoch 1; loss: 13.433847427368164; CER: 1.0; WER: 1.0; val_loss: 13.544232368469238; val_CER: 1.0; val_WER: 1.0
2023-06-22 00:07:11,523 - root - INFO - Epoch 2; loss: 13.248082160949707; CER: 1.0; WER: 1.0; val_loss: 13.217726707458496; val_CER: 1.0; val_WER: 1.0
2023-06-22 00:07:30,101 - root - INFO - Epoch 3; loss: 13.207944869995117; CER: 1.0; WER: 1.0; val_loss: 13.209677696228027; val_CER: 1.0; val_WER: 1.0
2023-06-22 00:07:50,934 - root - INFO - Epoch 4; loss: 13.193342208862305; CER: 1.0; WER: 1.0; val_loss: 13.231593132019043; val_CER: 1.0; val_WER: 1.0
2023-06-22 00:08:11,794 - root - INFO - Epoch 5; loss: 13.184399604797363; CER: 1.0; WER: 1.0; val_loss: 13.171853065490723; val_CER: 1.0; val_WER: 1.0
2023-06-22 00:08:31,108 - root - INFO - Epoch 6; loss: 13.161517143249512; CER: 1.0; WER: 1.0; val_loss: 13.166658401489258; val_CER: 1.0; val_WER: 1.0
2023-06-22 00:08:50,800 - root - INFO - Epoch 7; loss: 13.162156105041504; CER: 1.0; WER: 1.0; val_loss: 13.140792846679688; val_CER: 1.0; val_WER: 1.0
2023-06-22 00:09:10,004 - root - INFO - Epoch 8; loss: 13.152103424072266; CER: 1.0; WER: 1.0; val_loss: 13.136652946472168; val_CER: 1.0; val_WER: 1.0
2023-06-22 00:09:27,960 - root - INFO - Epoch 9; loss: 13.155450820922852; CER: 1.0; WER: 1.0; val_loss: 13.131794929504395; val_CER: 1.0; val_WER: 1.0
2023-06-22 00:09:45,536 - root - INFO - Epoch 10; loss: 13.152546882629395; CER: 1.0; WER: 1.0; val_loss: 13.128772735595703; val_CER: 1.0; val_WER: 1.0
2023-06-22 00:10:03,085 - root - INFO - Epoch 11; loss: 13.147663116455078; CER: 1.0; WER: 1.0; val_loss: 13.101766586303711; val_CER: 1.0; val_WER: 1.0
2023-06-22 00:10:20,676 - root - INFO - Epoch 12; loss: 13.130366325378418; CER: 1.0; WER: 1.0; val_loss: 13.113207817077637; val_CER: 1.0; val_WER: 1.0
2023-06-22 00:10:38,413 - root - INFO - Epoch 13; loss: 13.146085739135742; CER: 1.0; WER: 1.0; val_loss: 13.087279319763184; val_CER: 1.0; val_WER: 1.0
2023-06-22 00:10:55,995 - root - INFO - Epoch 14; loss: 13.14033317565918; CER: 1.0; WER: 1.0; val_loss: 13.119643211364746; val_CER: 1.0; val_WER: 1.0
2023-06-22 00:11:13,719 - root - INFO - Epoch 15; loss: 13.117189407348633; CER: 1.0; WER: 1.0; val_loss: 13.092089653015137; val_CER: 1.0; val_WER: 1.0
2023-06-22 00:11:31,339 - root - INFO - Epoch 16; loss: 13.11449909210205; CER: 1.0; WER: 1.0; val_loss: 13.08385944366455; val_CER: 1.0; val_WER: 1.0
2023-06-22 00:11:48,929 - root - INFO - Epoch 17; loss: 13.096540451049805; CER: 1.0; WER: 1.0; val_loss: 13.094460487365723; val_CER: 1.0; val_WER: 1.0
2023-06-22 00:12:06,498 - root - INFO - Epoch 18; loss: 13.100064277648926; CER: 1.0; WER: 1.0; val_loss: 13.074357986450195; val_CER: 1.0; val_WER: 1.0
2023-06-22 00:12:23,963 - root - INFO - Epoch 19; loss: 13.101200103759766; CER: 1.0; WER: 1.0; val_loss: 13.093544006347656; val_CER: 1.0; val_WER: 1.0
2023-06-22 00:12:41,868 - root - INFO - Epoch 20; loss: 13.082046508789062; CER: 1.0; WER: 1.0; val_loss: 13.111425399780273; val_CER: 1.0; val_WER: 1.0
2023-06-22 00:13:00,841 - root - INFO - Epoch 21; loss: 13.082118034362793; CER: 0.9973722100257874; WER: 1.0; val_loss: 13.092268943786621; val_CER: 1.0; val_WER: 1.0
2023-06-22 00:13:18,594 - root - INFO - Epoch 22; loss: 13.054343223571777; CER: 0.9924087524414062; WER: 1.0; val_loss: 13.116192817687988; val_CER: 1.0; val_WER: 1.0
2023-06-22 00:13:39,185 - root - INFO - Epoch 23; loss: 13.04483413696289; CER: 0.978394091129303; WER: 1.0; val_loss: 13.130426406860352; val_CER: 1.0; val_WER: 1.0
2023-06-22 00:13:59,746 - root - INFO - Epoch 24; loss: 13.046506881713867; CER: 0.9649634957313538; WER: 1.0; val_loss: 13.097832679748535; val_CER: 0.9792208075523376; val_WER: 1.0
2023-06-22 00:14:18,724 - root - INFO - Epoch 25; loss: 13.030013084411621; CER: 0.9410218596458435; WER: 1.0; val_loss: 13.045452117919922; val_CER: 0.9220778346061707; val_WER: 1.0
2023-06-22 00:14:36,509 - root - INFO - Epoch 26; loss: 13.03199291229248; CER: 0.9383942484855652; WER: 1.0; val_loss: 13.087950706481934; val_CER: 0.9272727370262146; val_WER: 1.0
2023-06-22 00:14:54,690 - root - INFO - Epoch 27; loss: 13.01788330078125; CER: 0.9226277470588684; WER: 1.0; val_loss: 13.005853652954102; val_CER: 0.9220778942108154; val_WER: 1.0
2023-06-22 00:15:13,042 - root - INFO - Epoch 28; loss: 13.009254455566406; CER: 0.9185400605201721; WER: 1.0; val_loss: 12.950784683227539; val_CER: 0.9220778942108154; val_WER: 1.0
2023-06-22 00:15:32,225 - root - INFO - Epoch 29; loss: 12.969389915466309; CER: 0.9132846593856812; WER: 1.0; val_loss: 12.946316719055176; val_CER: 0.919480562210083; val_WER: 1.0
2023-06-22 00:15:51,591 - root - INFO - Epoch 30; loss: 12.945170402526855; CER: 0.9176642894744873; WER: 1.0; val_loss: 12.878100395202637; val_CER: 0.9142857193946838; val_WER: 1.0
2023-06-22 00:16:10,510 - root - INFO - Epoch 31; loss: 12.924614906311035; CER: 0.9132847189903259; WER: 1.0; val_loss: 12.861388206481934; val_CER: 0.9142856597900391; val_WER: 1.0
2023-06-22 00:16:29,518 - root - INFO - Epoch 32; loss: 12.859139442443848; CER: 0.9173722863197327; WER: 1.0; val_loss: 12.858278274536133; val_CER: 0.9220778942108154; val_WER: 1.0
2023-06-22 00:16:48,316 - root - INFO - Epoch 33; loss: 12.845850944519043; CER: 0.9132847189903259; WER: 1.0; val_loss: 12.808472633361816; val_CER: 0.9142857193946838; val_WER: 1.0
2023-06-22 00:17:07,773 - root - INFO - Epoch 34; loss: 12.797744750976562; CER: 0.9109489321708679; WER: 1.0; val_loss: 12.770479202270508; val_CER: 0.9142856597900391; val_WER: 1.0
2023-06-22 00:17:27,043 - root - INFO - Epoch 35; loss: 12.772337913513184; CER: 0.9086131453514099; WER: 1.0; val_loss: 12.79471492767334; val_CER: 0.9220778942108154; val_WER: 1.0
2023-06-22 00:17:45,786 - root - INFO - Epoch 36; loss: 12.738218307495117; CER: 0.8998539447784424; WER: 1.0; val_loss: 12.784631729125977; val_CER: 0.9142857193946838; val_WER: 1.0
2023-06-22 00:18:03,857 - root - INFO - Epoch 37; loss: 12.715559005737305; CER: 0.8855475187301636; WER: 1.0; val_loss: 12.715831756591797; val_CER: 0.8467531800270081; val_WER: 1.0
2023-06-22 00:18:21,614 - root - INFO - Epoch 38; loss: 12.657970428466797; CER: 0.8741604685783386; WER: 1.0; val_loss: 12.64988899230957; val_CER: 0.8285714387893677; val_WER: 1.0
2023-06-22 00:18:39,142 - root - INFO - Epoch 39; loss: 12.596490859985352; CER: 0.848467230796814; WER: 1.0; val_loss: 12.61803913116455; val_CER: 0.880519449710846; val_WER: 1.0
2023-06-22 00:18:57,533 - root - INFO - Epoch 40; loss: 12.567376136779785; CER: 0.8475912809371948; WER: 1.0; val_loss: 12.588274955749512; val_CER: 0.8545454740524292; val_WER: 1.0
2023-06-22 00:19:17,665 - root - INFO - Epoch 41; loss: 12.536351203918457; CER: 0.85313880443573; WER: 1.0; val_loss: 12.50371265411377; val_CER: 0.8623377084732056; val_WER: 1.0
2023-06-22 00:19:36,797 - root - INFO - Epoch 42; loss: 12.414993286132812; CER: 0.8470073342323303; WER: 1.0; val_loss: 12.544154167175293; val_CER: 0.8467531800270081; val_WER: 1.0
2023-06-22 00:19:55,983 - root - INFO - Epoch 43; loss: 12.381754875183105; CER: 0.8423357009887695; WER: 1.0; val_loss: 12.560420989990234; val_CER: 0.8285714387893677; val_WER: 1.0
2023-06-22 00:20:15,571 - root - INFO - Epoch 44; loss: 12.357592582702637; CER: 0.8604379892349243; WER: 1.0; val_loss: 12.640161514282227; val_CER: 0.8597401976585388; val_WER: 1.0
2023-06-22 00:20:35,000 - root - INFO - Epoch 45; loss: 12.313121795654297; CER: 0.8671531677246094; WER: 1.0; val_loss: 12.611238479614258; val_CER: 0.8753246068954468; val_WER: 1.0
2023-06-22 00:20:54,581 - root - INFO - Epoch 46; loss: 12.301033973693848; CER: 0.8519708514213562; WER: 1.0; val_loss: 12.553059577941895; val_CER: 0.8857142329216003; val_WER: 1.0
2023-06-22 00:21:13,929 - root - INFO - Epoch 47; loss: 12.316280364990234; CER: 0.8598541021347046; WER: 1.0; val_loss: 12.480464935302734; val_CER: 0.8441558480262756; val_WER: 1.0
2023-06-22 00:21:34,008 - root - INFO - Epoch 48; loss: 12.288128852844238; CER: 0.8519706726074219; WER: 1.0; val_loss: 12.597214698791504; val_CER: 0.8597401976585388; val_WER: 1.0
2023-06-22 00:21:53,769 - root - INFO - Epoch 49; loss: 12.279951095581055; CER: 0.8616057634353638; WER: 1.0; val_loss: 12.662691116333008; val_CER: 0.8311688303947449; val_WER: 1.0
2023-06-22 00:22:13,535 - root - INFO - Epoch 50; loss: 12.250997543334961; CER: 0.8548904061317444; WER: 1.0; val_loss: 12.636120796203613; val_CER: 0.8441558480262756; val_WER: 1.0
2023-06-22 00:22:33,141 - root - INFO - Epoch 51; loss: 12.256840705871582; CER: 0.8481751084327698; WER: 1.0; val_loss: 12.61606216430664; val_CER: 0.8545454740524292; val_WER: 1.0
2023-06-22 00:22:52,170 - root - INFO - Epoch 52; loss: 12.265307426452637; CER: 0.8604379892349243; WER: 1.0; val_loss: 12.551553726196289; val_CER: 0.8545454740524292; val_WER: 1.0
2023-06-22 00:23:10,494 - root - INFO - Epoch 53; loss: 12.266510009765625; CER: 0.8572261929512024; WER: 1.0; val_loss: 12.491930961608887; val_CER: 0.86753249168396; val_WER: 1.0
2023-06-22 00:23:28,667 - root - INFO - Epoch 54; loss: 12.24930477142334; CER: 0.842627763748169; WER: 1.0; val_loss: 12.585413932800293; val_CER: 0.8285714387893677; val_WER: 1.0
2023-06-22 00:23:46,809 - root - INFO - Epoch 55; loss: 12.235091209411621; CER: 0.8537226319313049; WER: 1.0; val_loss: 12.568809509277344; val_CER: 0.8441558480262756; val_WER: 1.0
2023-06-22 00:24:05,049 - root - INFO - Epoch 56; loss: 12.239959716796875; CER: 0.8402919173240662; WER: 1.0; val_loss: 12.579344749450684; val_CER: 0.8285714387893677; val_WER: 1.0
2023-06-22 00:24:23,103 - root - INFO - Epoch 57; loss: 12.232502937316895; CER: 0.8583941459655762; WER: 1.0; val_loss: 12.503439903259277; val_CER: 0.8415584564208984; val_WER: 1.0
2023-06-22 00:24:41,297 - root - INFO - Epoch 58; loss: 12.24450397491455; CER: 0.8505108952522278; WER: 1.0; val_loss: 12.521713256835938; val_CER: 0.836363673210144; val_WER: 1.0
2023-06-22 00:24:59,498 - root - INFO - Epoch 59; loss: 12.235185623168945; CER: 0.8592699766159058; WER: 1.0; val_loss: 12.612686157226562; val_CER: 0.838961124420166; val_WER: 1.0
2023-06-22 00:25:17,710 - root - INFO - Epoch 60; loss: 12.242249488830566; CER: 0.8531386256217957; WER: 1.0; val_loss: 12.53732681274414; val_CER: 0.8415584564208984; val_WER: 1.0
2023-06-22 00:25:35,765 - root - INFO - Epoch 61; loss: 12.200462341308594; CER: 0.8519708514213562; WER: 1.0; val_loss: 12.58512020111084; val_CER: 0.836363673210144; val_WER: 1.0
2023-06-22 00:25:53,911 - root - INFO - Epoch 62; loss: 12.19198989868164; CER: 0.8402919173240662; WER: 1.0; val_loss: 12.585073471069336; val_CER: 0.8415584564208984; val_WER: 1.0
2023-06-22 00:26:11,989 - root - INFO - Epoch 63; loss: 12.204776763916016; CER: 0.8467153310775757; WER: 1.0; val_loss: 12.579734802246094; val_CER: 0.8727272152900696; val_WER: 1.0
2023-06-22 00:26:30,135 - root - INFO - Epoch 64; loss: 12.229818344116211; CER: 0.844963550567627; WER: 1.0; val_loss: 12.5184965133667; val_CER: 0.8415583968162537; val_WER: 1.0
2023-06-22 00:26:48,362 - root - INFO - Epoch 65; loss: 12.226573944091797; CER: 0.8522628545761108; WER: 1.0; val_loss: 12.578570365905762; val_CER: 0.8493506908416748; val_WER: 1.0
2023-06-22 00:27:06,615 - root - INFO - Epoch 66; loss: 12.218314170837402; CER: 0.8583940863609314; WER: 1.0; val_loss: 12.494921684265137; val_CER: 0.8441558480262756; val_WER: 1.0
2023-06-22 00:27:24,712 - root - INFO - Epoch 67; loss: 12.218509674072266; CER: 0.8551824688911438; WER: 1.0; val_loss: 12.641711235046387; val_CER: 0.8571428656578064; val_WER: 1.0
2023-06-22 00:27:42,937 - root - INFO - Epoch 68; loss: 12.194788932800293; CER: 0.8543065786361694; WER: 1.0; val_loss: 12.53758430480957; val_CER: 0.8337662220001221; val_WER: 1.0
2023-06-22 00:28:01,045 - root - INFO - Epoch 69; loss: 12.214558601379395; CER: 0.849342942237854; WER: 1.0; val_loss: 12.637354850769043; val_CER: 0.8389610052108765; val_WER: 1.0
2023-06-22 00:28:19,109 - root - INFO - Epoch 70; loss: 12.195394515991211; CER: 0.8408759236335754; WER: 1.0; val_loss: 12.485906600952148; val_CER: 0.8285714387893677; val_WER: 1.0
2023-06-22 00:28:37,194 - root - INFO - Epoch 71; loss: 12.18364429473877; CER: 0.8350365161895752; WER: 1.0; val_loss: 12.4718599319458; val_CER: 0.8493506908416748; val_WER: 1.0
2023-06-22 00:28:55,551 - root - INFO - Epoch 72; loss: 12.184454917907715; CER: 0.8435036540031433; WER: 1.0; val_loss: 12.595341682434082; val_CER: 0.8233765959739685; val_WER: 1.0
2023-06-22 00:29:13,684 - root - INFO - Epoch 73; loss: 12.20752239227295; CER: 0.839415967464447; WER: 1.0; val_loss: 12.591259956359863; val_CER: 0.836363673210144; val_WER: 1.0
2023-06-22 00:29:31,817 - root - INFO - Epoch 74; loss: 12.172285079956055; CER: 0.8446716666221619; WER: 1.0; val_loss: 12.528776168823242; val_CER: 0.8337662220001221; val_WER: 1.0
2023-06-22 00:29:50,014 - root - INFO - Epoch 75; loss: 12.158151626586914; CER: 0.8376641273498535; WER: 1.0; val_loss: 12.60072135925293; val_CER: 0.8285714387893677; val_WER: 1.0
2023-06-22 00:30:08,184 - root - INFO - Epoch 76; loss: 12.164569854736328; CER: 0.8435036540031433; WER: 1.0; val_loss: 12.566954612731934; val_CER: 0.8415583968162537; val_WER: 1.0
2023-06-22 00:30:26,424 - root - INFO - Epoch 77; loss: 12.157824516296387; CER: 0.8513869047164917; WER: 1.0; val_loss: 12.582887649536133; val_CER: 0.8207792043685913; val_WER: 1.0
2023-06-22 00:30:44,556 - root - INFO - Epoch 78; loss: 12.17289924621582; CER: 0.8499270081520081; WER: 1.0; val_loss: 12.482460021972656; val_CER: 0.8545454144477844; val_WER: 1.0
2023-06-22 00:31:02,834 - root - INFO - Epoch 79; loss: 12.171285629272461; CER: 0.8367882370948792; WER: 1.0; val_loss: 12.592552185058594; val_CER: 0.836363673210144; val_WER: 1.0
2023-06-22 00:31:21,555 - root - INFO - Epoch 80; loss: 12.143744468688965; CER: 0.8370802402496338; WER: 1.0; val_loss: 12.568927764892578; val_CER: 0.8675324320793152; val_WER: 1.0
2023-06-22 00:31:40,352 - root - INFO - Epoch 81; loss: 12.147557258605957; CER: 0.8443796038627625; WER: 1.0; val_loss: 12.656168937683105; val_CER: 0.8415584564208984; val_WER: 1.0
2023-06-22 00:31:58,509 - root - INFO - Epoch 82; loss: 12.093629837036133; CER: 0.8382481932640076; WER: 1.0; val_loss: 12.552404403686523; val_CER: 0.8207792043685913; val_WER: 1.0
2023-06-22 00:32:16,895 - root - INFO - Epoch 83; loss: 12.068041801452637; CER: 0.8216058015823364; WER: 1.0; val_loss: 12.427372932434082; val_CER: 0.8181818127632141; val_WER: 1.0
2023-06-22 00:32:35,018 - root - INFO - Epoch 84; loss: 12.02816390991211; CER: 0.8283212184906006; WER: 1.0; val_loss: 12.369388580322266; val_CER: 0.8233766555786133; val_WER: 1.0
2023-06-22 00:32:53,363 - root - INFO - Epoch 85; loss: 11.940776824951172; CER: 0.8026277422904968; WER: 0.9985401630401611; val_loss: 12.203312873840332; val_CER: 0.8155844807624817; val_WER: 1.0
2023-06-22 00:33:11,513 - root - INFO - Epoch 86; loss: 11.898056030273438; CER: 0.8040875792503357; WER: 1.0; val_loss: 11.999869346618652; val_CER: 0.7922077775001526; val_WER: 1.0
2023-06-22 00:33:29,727 - root - INFO - Epoch 87; loss: 11.795320510864258; CER: 0.7991241216659546; WER: 1.0; val_loss: 12.209716796875; val_CER: 0.8415584564208984; val_WER: 1.0
2023-06-22 00:33:47,794 - root - INFO - Epoch 88; loss: 11.696059226989746; CER: 0.7970802187919617; WER: 1.0; val_loss: 11.988668441772461; val_CER: 0.800000011920929; val_WER: 1.0
2023-06-22 00:34:05,867 - root - INFO - Epoch 89; loss: 11.57846450805664; CER: 0.7973722815513611; WER: 1.0; val_loss: 12.26899242401123; val_CER: 0.8155844807624817; val_WER: 1.0
2023-06-22 00:34:23,953 - root - INFO - Epoch 90; loss: 11.422029495239258; CER: 0.7848174571990967; WER: 1.0; val_loss: 12.173090934753418; val_CER: 0.7948052287101746; val_WER: 1.0
2023-06-22 00:34:42,085 - root - INFO - Epoch 91; loss: 11.217906951904297; CER: 0.7632116675376892; WER: 1.0; val_loss: 11.586382865905762; val_CER: 0.7792207598686218; val_WER: 1.0
2023-06-22 00:35:00,384 - root - INFO - Epoch 92; loss: 11.038166999816895; CER: 0.7629196643829346; WER: 0.9985401630401611; val_loss: 10.919629096984863; val_CER: 0.7610390186309814; val_WER: 1.0
2023-06-22 00:35:18,625 - root - INFO - Epoch 93; loss: 10.951183319091797; CER: 0.7579562067985535; WER: 1.0; val_loss: 10.838444709777832; val_CER: 0.7350649833679199; val_WER: 1.0
2023-06-22 00:35:36,757 - root - INFO - Epoch 94; loss: 10.795879364013672; CER: 0.7512408494949341; WER: 1.0; val_loss: 11.721263885498047; val_CER: 0.8051947951316833; val_WER: 1.0
2023-06-22 00:35:54,844 - root - INFO - Epoch 95; loss: 10.487903594970703; CER: 0.7229197025299072; WER: 1.0; val_loss: 11.089548110961914; val_CER: 0.7454545497894287; val_WER: 1.0
2023-06-22 00:36:13,031 - root - INFO - Epoch 96; loss: 10.466607093811035; CER: 0.730510950088501; WER: 0.9970802664756775; val_loss: 11.81039047241211; val_CER: 0.8103896379470825; val_WER: 1.0
2023-06-22 00:36:31,507 - root - INFO - Epoch 97; loss: 10.129150390625; CER: 0.7030656933784485; WER: 1.0; val_loss: 10.966645240783691; val_CER: 0.7220779657363892; val_WER: 1.0
2023-06-22 00:36:49,615 - root - INFO - Epoch 98; loss: 9.903911590576172; CER: 0.6800000071525574; WER: 0.9970802664756775; val_loss: 11.14173412322998; val_CER: 0.7428571581840515; val_WER: 1.0
2023-06-22 00:37:08,001 - root - INFO - Epoch 99; loss: 9.630239486694336; CER: 0.6674453020095825; WER: 0.9941605925559998; val_loss: 10.291858673095703; val_CER: 0.6805195212364197; val_WER: 1.0
2023-06-22 00:37:26,235 - root - INFO - Epoch 100; loss: 9.538692474365234; CER: 0.6572262644767761; WER: 0.9956204295158386; val_loss: 11.939386367797852; val_CER: 0.7350649237632751; val_WER: 1.0
2023-06-22 00:37:44,541 - root - INFO - Epoch 101; loss: 9.295392990112305; CER: 0.6306569576263428; WER: 0.9941605925559998; val_loss: 10.231122016906738; val_CER: 0.6467532515525818; val_WER: 1.0
2023-06-22 00:38:02,639 - root - INFO - Epoch 102; loss: 9.028000831604004; CER: 0.6154744029045105; WER: 0.9868612885475159; val_loss: 10.709543228149414; val_CER: 0.6701298952102661; val_WER: 1.0
2023-06-22 00:38:20,819 - root - INFO - Epoch 103; loss: 8.95253849029541; CER: 0.6216058731079102; WER: 0.9897810220718384; val_loss: 14.700746536254883; val_CER: 0.7948052287101746; val_WER: 1.0
2023-06-22 00:38:38,890 - root - INFO - Epoch 104; loss: 8.710536003112793; CER: 0.6000000238418579; WER: 0.9912408590316772; val_loss: 13.86872386932373; val_CER: 0.7948051691055298; val_WER: 1.0
2023-06-22 00:38:57,130 - root - INFO - Epoch 105; loss: 8.437235832214355; CER: 0.5839415192604065; WER: 0.985401451587677; val_loss: 13.471686363220215; val_CER: 0.7999999523162842; val_WER: 1.0
2023-06-22 00:39:15,360 - root - INFO - Epoch 106; loss: 8.389666557312012; CER: 0.5687590837478638; WER: 0.9781022071838379; val_loss: 8.293656349182129; val_CER: 0.514285683631897; val_WER: 0.9870129823684692
2023-06-22 00:39:33,457 - root - INFO - Epoch 107; loss: 8.163171768188477; CER: 0.56116783618927; WER: 0.9766423106193542; val_loss: 8.671305656433105; val_CER: 0.5454545617103577; val_WER: 1.0
2023-06-22 00:39:51,678 - root - INFO - Epoch 108; loss: 7.920709133148193; CER: 0.5226277709007263; WER: 0.970802903175354; val_loss: 9.233071327209473; val_CER: 0.5870130062103271; val_WER: 0.9870129823684692
2023-06-22 00:40:09,996 - root - INFO - Epoch 109; loss: 7.613280296325684; CER: 0.5170802474021912; WER: 0.962043821811676; val_loss: 7.850116729736328; val_CER: 0.4987013041973114; val_WER: 0.9610389471054077
2023-06-22 00:40:28,189 - root - INFO - Epoch 110; loss: 7.496606349945068; CER: 0.5162044167518616; WER: 0.9664233326911926; val_loss: 8.216733932495117; val_CER: 0.516883134841919; val_WER: 0.9870129823684692
2023-06-22 00:40:46,519 - root - INFO - Epoch 111; loss: 7.316459655761719; CER: 0.49372267723083496; WER: 0.9591240882873535; val_loss: 7.677178382873535; val_CER: 0.4701298773288727; val_WER: 1.0
2023-06-22 00:41:04,655 - root - INFO - Epoch 112; loss: 7.18967342376709; CER: 0.4788321256637573; WER: 0.9591240882873535; val_loss: 8.061097145080566; val_CER: 0.5116882920265198; val_WER: 0.9870129823684692
2023-06-22 00:41:22,830 - root - INFO - Epoch 113; loss: 6.85305643081665; CER: 0.4788321554660797; WER: 0.9649634957313538; val_loss: 7.465789794921875; val_CER: 0.5220779180526733; val_WER: 0.9870129823684692
2023-06-22 00:41:41,087 - root - INFO - Epoch 114; loss: 6.754578113555908; CER: 0.44467154145240784; WER: 0.9255474209785461; val_loss: 7.018643379211426; val_CER: 0.43636366724967957; val_WER: 0.9870129823684692
2023-06-22 00:41:59,293 - root - INFO - Epoch 115; loss: 6.412177562713623; CER: 0.43620437383651733; WER: 0.918248176574707; val_loss: 7.3968400955200195; val_CER: 0.4597402811050415; val_WER: 0.9740259647369385
2023-06-22 00:42:17,538 - root - INFO - Epoch 116; loss: 6.457301616668701; CER: 0.4414598047733307; WER: 0.9386861324310303; val_loss: 13.366600036621094; val_CER: 0.6233766078948975; val_WER: 1.0
2023-06-22 00:42:35,821 - root - INFO - Epoch 117; loss: 6.137618064880371; CER: 0.40992704033851624; WER: 0.9094890356063843; val_loss: 5.971024513244629; val_CER: 0.3532467484474182; val_WER: 0.948051929473877
2023-06-22 00:42:53,978 - root - INFO - Epoch 118; loss: 6.09161376953125; CER: 0.40817520022392273; WER: 0.9138686060905457; val_loss: 5.818821430206299; val_CER: 0.3870129883289337; val_WER: 0.9220778942108154
2023-06-22 00:43:12,095 - root - INFO - Epoch 119; loss: 5.918401718139648; CER: 0.3967883586883545; WER: 0.8875912427902222; val_loss: 5.974327564239502; val_CER: 0.3818182051181793; val_WER: 0.8961039185523987
2023-06-22 00:43:30,357 - root - INFO - Epoch 120; loss: 5.632486820220947; CER: 0.37459856271743774; WER: 0.8773722648620605; val_loss: 5.834316730499268; val_CER: 0.37662336230278015; val_WER: 0.8961039185523987
2023-06-22 00:43:48,839 - root - INFO - Epoch 121; loss: 5.400252342224121; CER: 0.3652555048465729; WER: 0.8715328574180603; val_loss: 5.218049049377441; val_CER: 0.30649352073669434; val_WER: 0.8441558480262756
2023-06-22 00:44:07,142 - root - INFO - Epoch 122; loss: 5.518254280090332; CER: 0.36788326501846313; WER: 0.8700730204582214; val_loss: 5.2655415534973145; val_CER: 0.3142857253551483; val_WER: 0.8571428656578064
2023-06-22 00:44:25,418 - root - INFO - Epoch 123; loss: 5.291949272155762; CER: 0.358248233795166; WER: 0.8540145754814148; val_loss: 5.032963275909424; val_CER: 0.29610392451286316; val_WER: 0.7922077775001526
2023-06-22 00:44:43,756 - root - INFO - Epoch 124; loss: 5.042559623718262; CER: 0.33635032176971436; WER: 0.8364963531494141; val_loss: 11.025947570800781; val_CER: 0.5558441877365112; val_WER: 0.9870129823684692
2023-06-22 00:45:01,958 - root - INFO - Epoch 125; loss: 5.075013637542725; CER: 0.3418978154659271; WER: 0.8379561901092529; val_loss: 5.409791946411133; val_CER: 0.30909091234207153; val_WER: 0.8831169009208679
2023-06-22 00:45:20,171 - root - INFO - Epoch 126; loss: 4.66598653793335; CER: 0.32583940029144287; WER: 0.8116788268089294; val_loss: 5.362730503082275; val_CER: 0.3168831169605255; val_WER: 0.8571428656578064
2023-06-22 00:45:38,349 - root - INFO - Epoch 127; loss: 4.836091041564941; CER: 0.32467150688171387; WER: 0.8175182342529297; val_loss: 5.41372537612915; val_CER: 0.3220779001712799; val_WER: 0.8311688303947449
2023-06-22 00:45:56,654 - root - INFO - Epoch 128; loss: 4.701428413391113; CER: 0.3062773644924164; WER: 0.7970802783966064; val_loss: 4.573046684265137; val_CER: 0.2467532455921173; val_WER: 0.7402597665786743
2023-06-22 00:46:14,759 - root - INFO - Epoch 129; loss: 4.600789546966553; CER: 0.3042336106300354; WER: 0.7912408709526062; val_loss: 4.6356329917907715; val_CER: 0.27272728085517883; val_WER: 0.8311688303947449
2023-06-22 00:46:32,846 - root - INFO - Epoch 130; loss: 4.453071594238281; CER: 0.2890510857105255; WER: 0.7591241002082825; val_loss: 4.944639205932617; val_CER: 0.26233768463134766; val_WER: 0.7792207598686218
2023-06-22 00:46:50,940 - root - INFO - Epoch 131; loss: 4.373898983001709; CER: 0.2770802676677704; WER: 0.7751824855804443; val_loss: 7.708226680755615; val_CER: 0.43376624584198; val_WER: 0.9350649118423462
2023-06-22 00:47:09,351 - root - INFO - Epoch 132; loss: 4.361586093902588; CER: 0.28759124875068665; WER: 0.7795620560646057; val_loss: 4.046772003173828; val_CER: 0.2155844271183014; val_WER: 0.7272727489471436
2023-06-22 00:47:27,443 - root - INFO - Epoch 133; loss: 4.055407524108887; CER: 0.2636496126651764; WER: 0.7357664108276367; val_loss: 4.053809642791748; val_CER: 0.23636364936828613; val_WER: 0.7792207598686218
2023-06-22 00:47:45,667 - root - INFO - Epoch 134; loss: 4.221212863922119; CER: 0.285255491733551; WER: 0.7532846927642822; val_loss: 4.286720275878906; val_CER: 0.2467532455921173; val_WER: 0.8051947951316833
2023-06-22 00:48:03,780 - root - INFO - Epoch 135; loss: 3.90069842338562; CER: 0.253722608089447; WER: 0.7357664108276367; val_loss: 4.16627836227417; val_CER: 0.24415583908557892; val_WER: 0.701298713684082
2023-06-22 00:48:21,947 - root - INFO - Epoch 136; loss: 3.7361538410186768; CER: 0.24437958002090454; WER: 0.7284671664237976; val_loss: 3.5956084728240967; val_CER: 0.22337663173675537; val_WER: 0.7532467246055603
2023-06-22 00:48:40,228 - root - INFO - Epoch 137; loss: 3.8541486263275146; CER: 0.24992702901363373; WER: 0.7167882919311523; val_loss: 5.245345592498779; val_CER: 0.30129870772361755; val_WER: 0.8181818127632141
2023-06-22 00:48:58,493 - root - INFO - Epoch 138; loss: 3.5998709201812744; CER: 0.23416057229042053; WER: 0.6905109286308289; val_loss: 3.901925802230835; val_CER: 0.19999998807907104; val_WER: 0.7272727489471436
2023-06-22 00:49:16,733 - root - INFO - Epoch 139; loss: 3.6856958866119385; CER: 0.2306569367647171; WER: 0.6715328693389893; val_loss: 3.8319952487945557; val_CER: 0.18961037695407867; val_WER: 0.701298713684082
2023-06-22 00:49:34,874 - root - INFO - Epoch 140; loss: 3.4972476959228516; CER: 0.2239415943622589; WER: 0.645255446434021; val_loss: 4.01396369934082; val_CER: 0.2103896141052246; val_WER: 0.6883116960525513
2023-06-22 00:49:53,097 - root - INFO - Epoch 141; loss: 3.508739948272705; CER: 0.21927006542682648; WER: 0.6262773871421814; val_loss: 3.777487277984619; val_CER: 0.20519481599330902; val_WER: 0.6883116960525513
2023-06-22 00:50:11,675 - root - INFO - Epoch 142; loss: 3.495232105255127; CER: 0.22364965081214905; WER: 0.6394160389900208; val_loss: 3.319756269454956; val_CER: 0.16883116960525513; val_WER: 0.649350643157959
2023-06-22 00:50:30,087 - root - INFO - Epoch 143; loss: 3.1574742794036865; CER: 0.20583944022655487; WER: 0.6277372241020203; val_loss: 3.25854754447937; val_CER: 0.15324676036834717; val_WER: 0.5974025726318359
2023-06-22 00:50:48,145 - root - INFO - Epoch 144; loss: 3.3211164474487305; CER: 0.21839414536952972; WER: 0.6379562020301819; val_loss: 3.41882586479187; val_CER: 0.1792207807302475; val_WER: 0.649350643157959
2023-06-22 00:51:06,353 - root - INFO - Epoch 145; loss: 3.0927979946136475; CER: 0.2070073038339615; WER: 0.6262773871421814; val_loss: 3.5319621562957764; val_CER: 0.19740259647369385; val_WER: 0.7142857313156128
2023-06-22 00:51:24,573 - root - INFO - Epoch 146; loss: 3.1367146968841553; CER: 0.20788322389125824; WER: 0.6306569576263428; val_loss: 3.165715217590332; val_CER: 0.1792207807302475; val_WER: 0.649350643157959
2023-06-22 00:51:42,785 - root - INFO - Epoch 147; loss: 3.1758923530578613; CER: 0.20671531558036804; WER: 0.6321167945861816; val_loss: 3.2617619037628174; val_CER: 0.1818181872367859; val_WER: 0.6623376607894897
2023-06-22 00:52:01,063 - root - INFO - Epoch 148; loss: 2.890889883041382; CER: 0.18656934797763824; WER: 0.5985401272773743; val_loss: 3.1495096683502197; val_CER: 0.15064935386180878; val_WER: 0.5844155550003052
2023-06-22 00:52:19,221 - root - INFO - Epoch 149; loss: 2.914327621459961; CER: 0.1912408471107483; WER: 0.5810219049453735; val_loss: 3.783242702484131; val_CER: 0.20519480109214783; val_WER: 0.701298713684082
2023-06-22 00:52:20,087 - tf2onnx.tfonnx - INFO - Using tensorflow=2.12.0, onnx=1.14.0, tf2onnx=1.14.0/8f8d49
2023-06-22 00:52:20,087 - tf2onnx.tfonnx - INFO - Using opset <onnx, 15>
2023-06-22 00:52:20,138 - tf2onnx.tf_utils - INFO - Computed 0 values for constant folding
2023-06-22 00:52:20,140 - tf2onnx.tf_utils - INFO - Computed 0 values for constant folding
2023-06-22 00:52:20,144 - tf2onnx.tf_utils - INFO - Computed 0 values for constant folding
2023-06-22 00:52:20,147 - tf2onnx.tf_utils - INFO - Computed 0 values for constant folding
2023-06-22 00:52:20,170 - tf2onnx.tf_utils - INFO - Computed 2 values for constant folding
2023-06-22 00:52:20,206 - tf2onnx.tfonnx - INFO - folding node using tf type=StridedSlice, name=model/bidirectional/forward_lstm/PartitionedCall/strided_slice
2023-06-22 00:52:20,208 - tf2onnx.tfonnx - INFO - folding node using tf type=StridedSlice, name=model/bidirectional/backward_lstm/PartitionedCall/strided_slice
2023-06-22 00:52:20,310 - tf2onnx.optimizer - INFO - Optimizing ONNX model
2023-06-22 00:52:20,637 - tf2onnx.optimizer - INFO - After optimization: BatchNormalization -18 (18->0), Cast -4 (11->7), Concat -4 (10->6), Const -129 (194->65), Expand -3 (4->1), Gather +2 (2->4), Identity -2 (2->0), Shape -1 (4->3), Slice -1 (5->4), Squeeze -3 (5->2), Transpose -83 (87->4), Unsqueeze -14 (17->3)
